mode: set
github.com/helldriver666/prism/internal/audit/hmac.go:16.78,18.20 2 1
github.com/helldriver666/prism/internal/audit/hmac.go:18.20,20.3 1 1
github.com/helldriver666/prism/internal/audit/hmac.go:21.2,25.41 4 1
github.com/helldriver666/prism/internal/audit/hmac.go:29.87,32.2 2 1
github.com/helldriver666/prism/internal/audit/hmac.go:36.53,44.2 2 1
github.com/helldriver666/prism/internal/audit/logger.go:24.63,26.16 2 1
github.com/helldriver666/prism/internal/audit/logger.go:26.16,28.3 1 0
github.com/helldriver666/prism/internal/audit/logger.go:29.2,31.39 2 1
github.com/helldriver666/prism/internal/audit/logger.go:31.39,34.3 2 0
github.com/helldriver666/prism/internal/audit/logger.go:37.2,39.40 3 1
github.com/helldriver666/prism/internal/audit/logger.go:39.40,42.3 2 0
github.com/helldriver666/prism/internal/audit/logger.go:44.2,48.8 1 1
github.com/helldriver666/prism/internal/audit/logger.go:51.71,55.22 3 1
github.com/helldriver666/prism/internal/audit/logger.go:55.22,57.3 1 0
github.com/helldriver666/prism/internal/audit/logger.go:59.2,73.16 3 1
github.com/helldriver666/prism/internal/audit/logger.go:73.16,75.3 1 0
github.com/helldriver666/prism/internal/audit/logger.go:77.2,78.12 2 1
github.com/helldriver666/prism/internal/audit/logger.go:81.88,88.23 3 1
github.com/helldriver666/prism/internal/audit/logger.go:88.23,91.3 2 0
github.com/helldriver666/prism/internal/audit/logger.go:92.2,92.24 1 1
github.com/helldriver666/prism/internal/audit/logger.go:92.24,95.3 2 0
github.com/helldriver666/prism/internal/audit/logger.go:96.2,96.25 1 1
github.com/helldriver666/prism/internal/audit/logger.go:96.25,99.3 2 1
github.com/helldriver666/prism/internal/audit/logger.go:100.2,100.22 1 1
github.com/helldriver666/prism/internal/audit/logger.go:100.22,103.3 2 1
github.com/helldriver666/prism/internal/audit/logger.go:104.2,104.20 1 1
github.com/helldriver666/prism/internal/audit/logger.go:104.20,107.3 2 1
github.com/helldriver666/prism/internal/audit/logger.go:108.2,108.20 1 1
github.com/helldriver666/prism/internal/audit/logger.go:108.20,111.3 2 0
github.com/helldriver666/prism/internal/audit/logger.go:113.2,115.17 2 1
github.com/helldriver666/prism/internal/audit/logger.go:115.17,117.3 1 0
github.com/helldriver666/prism/internal/audit/logger.go:118.2,118.18 1 1
github.com/helldriver666/prism/internal/audit/logger.go:118.18,120.3 1 0
github.com/helldriver666/prism/internal/audit/logger.go:122.2,123.16 2 1
github.com/helldriver666/prism/internal/audit/logger.go:123.16,125.3 1 0
github.com/helldriver666/prism/internal/audit/logger.go:126.2,129.18 3 1
github.com/helldriver666/prism/internal/audit/logger.go:129.18,136.78 3 1
github.com/helldriver666/prism/internal/audit/logger.go:136.78,138.4 1 0
github.com/helldriver666/prism/internal/audit/logger.go:139.3,142.31 4 1
github.com/helldriver666/prism/internal/audit/logger.go:144.2,144.28 1 1
github.com/helldriver666/prism/internal/audit/logger.go:147.77,154.40 3 1
github.com/helldriver666/prism/internal/audit/logger.go:154.40,156.3 1 0
github.com/helldriver666/prism/internal/audit/logger.go:158.2,164.16 2 1
github.com/helldriver666/prism/internal/audit/logger.go:164.16,166.3 1 0
github.com/helldriver666/prism/internal/audit/logger.go:167.2,169.18 2 1
github.com/helldriver666/prism/internal/audit/logger.go:169.18,176.91 3 1
github.com/helldriver666/prism/internal/audit/logger.go:176.91,178.4 1 0
github.com/helldriver666/prism/internal/audit/logger.go:179.3,183.54 4 1
github.com/helldriver666/prism/internal/audit/logger.go:183.54,185.4 1 1
github.com/helldriver666/prism/internal/audit/logger.go:186.3,186.24 1 1
github.com/helldriver666/prism/internal/audit/logger.go:188.2,188.19 1 1
github.com/helldriver666/prism/internal/audit/logger.go:192.32,194.2 1 1
github.com/helldriver666/prism/internal/audit/schema.go:49.35,50.40 1 1
github.com/helldriver666/prism/internal/audit/schema.go:50.40,52.3 1 0
github.com/helldriver666/prism/internal/audit/schema.go:53.2,53.12 1 1
