mode: set
github.com/helldriver666/prism/internal/cost/budget.go:20.50,22.2 1 1
github.com/helldriver666/prism/internal/cost/budget.go:37.136,39.55 1 1
github.com/helldriver666/prism/internal/cost/budget.go:39.55,40.56 1 1
github.com/helldriver666/prism/internal/cost/budget.go:40.56,42.4 1 1
github.com/helldriver666/prism/internal/cost/budget.go:46.2,47.16 2 1
github.com/helldriver666/prism/internal/cost/budget.go:47.16,49.3 1 0
github.com/helldriver666/prism/internal/cost/budget.go:51.2,52.28 2 1
github.com/helldriver666/prism/internal/cost/budget.go:52.28,54.17 2 1
github.com/helldriver666/prism/internal/cost/budget.go:54.17,56.4 1 0
github.com/helldriver666/prism/internal/cost/budget.go:58.3,58.49 1 1
github.com/helldriver666/prism/internal/cost/budget.go:58.49,67.4 1 1
github.com/helldriver666/prism/internal/cost/budget.go:70.2,70.12 1 1
github.com/helldriver666/prism/internal/cost/budget.go:74.127,89.16 2 1
github.com/helldriver666/prism/internal/cost/budget.go:89.16,91.3 1 0
github.com/helldriver666/prism/internal/cost/budget.go:92.2,95.18 3 1
github.com/helldriver666/prism/internal/cost/budget.go:95.18,97.109 2 1
github.com/helldriver666/prism/internal/cost/budget.go:97.109,99.4 1 0
github.com/helldriver666/prism/internal/cost/budget.go:100.3,100.31 1 1
github.com/helldriver666/prism/internal/cost/budget.go:102.2,102.28 1 1
github.com/helldriver666/prism/internal/cost/budget.go:106.105,112.17 4 1
github.com/helldriver666/prism/internal/cost/budget.go:113.14,115.49 2 1
github.com/helldriver666/prism/internal/cost/budget.go:116.17,118.35 2 1
github.com/helldriver666/prism/internal/cost/budget.go:119.18,121.36 2 0
github.com/helldriver666/prism/internal/cost/budget.go:122.16,122.16 0 1
github.com/helldriver666/prism/internal/cost/budget.go:126.2,127.82 2 1
github.com/helldriver666/prism/internal/cost/budget.go:127.82,129.3 1 0
github.com/helldriver666/prism/internal/cost/budget.go:130.2,130.21 1 1
github.com/helldriver666/prism/internal/cost/budget.go:134.93,142.16 4 1
github.com/helldriver666/prism/internal/cost/budget.go:142.16,143.27 1 0
github.com/helldriver666/prism/internal/cost/budget.go:143.27,145.4 1 0
github.com/helldriver666/prism/internal/cost/budget.go:146.3,146.13 1 0
github.com/helldriver666/prism/internal/cost/budget.go:149.2,157.16 4 1
github.com/helldriver666/prism/internal/cost/budget.go:157.16,159.3 1 0
github.com/helldriver666/prism/internal/cost/budget.go:161.2,161.51 1 1
github.com/helldriver666/prism/internal/cost/budget.go:161.51,163.3 1 1
github.com/helldriver666/prism/internal/cost/budget.go:164.2,164.55 1 0
github.com/helldriver666/prism/internal/cost/budget.go:164.55,166.3 1 0
github.com/helldriver666/prism/internal/cost/budget.go:167.2,167.58 1 0
github.com/helldriver666/prism/internal/cost/budget.go:167.58,169.3 1 0
github.com/helldriver666/prism/internal/cost/budget.go:170.2,170.52 1 0
github.com/helldriver666/prism/internal/cost/budget.go:170.52,172.3 1 0
github.com/helldriver666/prism/internal/cost/budget.go:174.2,174.12 1 0
github.com/helldriver666/prism/internal/cost/budget.go:178.58,179.16 1 1
github.com/helldriver666/prism/internal/cost/budget.go:180.15,182.56 2 0
github.com/helldriver666/prism/internal/cost/budget.go:183.16,186.64 3 0
github.com/helldriver666/prism/internal/cost/budget.go:187.17,189.56 2 1
github.com/helldriver666/prism/internal/cost/budget.go:190.16,191.65 1 0
github.com/helldriver666/prism/internal/cost/budget.go:192.10,195.56 2 0
github.com/helldriver666/prism/internal/cost/buffer.go:32.84,33.19 1 1
github.com/helldriver666/prism/internal/cost/buffer.go:33.19,35.3 1 0
github.com/helldriver666/prism/internal/cost/buffer.go:36.2,36.19 1 1
github.com/helldriver666/prism/internal/cost/buffer.go:36.19,38.3 1 0
github.com/helldriver666/prism/internal/cost/buffer.go:39.2,47.11 4 1
github.com/helldriver666/prism/internal/cost/buffer.go:51.52,57.17 5 1
github.com/helldriver666/prism/internal/cost/buffer.go:57.17,59.3 1 1
github.com/helldriver666/prism/internal/cost/buffer.go:63.36,68.6 4 1
github.com/helldriver666/prism/internal/cost/buffer.go:68.6,69.10 1 1
github.com/helldriver666/prism/internal/cost/buffer.go:70.19,71.17 1 1
github.com/helldriver666/prism/internal/cost/buffer.go:72.18,74.10 2 1
github.com/helldriver666/prism/internal/cost/buffer.go:80.35,82.26 2 1
github.com/helldriver666/prism/internal/cost/buffer.go:82.26,85.3 2 1
github.com/helldriver666/prism/internal/cost/buffer.go:86.2,90.45 4 1
github.com/helldriver666/prism/internal/cost/buffer.go:90.45,92.3 1 0
github.com/helldriver666/prism/internal/cost/buffer.go:96.71,98.52 2 1
github.com/helldriver666/prism/internal/cost/buffer.go:98.52,99.47 1 1
github.com/helldriver666/prism/internal/cost/buffer.go:99.47,102.12 3 0
github.com/helldriver666/prism/internal/cost/buffer.go:104.3,104.13 1 1
github.com/helldriver666/prism/internal/cost/buffer.go:106.2,106.64 1 0
github.com/helldriver666/prism/internal/cost/buffer.go:110.72,112.16 2 1
github.com/helldriver666/prism/internal/cost/buffer.go:112.16,114.3 1 0
github.com/helldriver666/prism/internal/cost/buffer.go:115.2,122.16 3 1
github.com/helldriver666/prism/internal/cost/buffer.go:122.16,124.3 1 0
github.com/helldriver666/prism/internal/cost/buffer.go:125.2,127.26 2 1
github.com/helldriver666/prism/internal/cost/buffer.go:127.26,133.17 2 1
github.com/helldriver666/prism/internal/cost/buffer.go:133.17,135.4 1 0
github.com/helldriver666/prism/internal/cost/buffer.go:137.2,137.20 1 1
github.com/helldriver666/prism/internal/cost/buffer.go:141.57,147.21 5 1
github.com/helldriver666/prism/internal/cost/buffer.go:147.21,149.3 1 1
github.com/helldriver666/prism/internal/cost/buffer.go:150.2,150.29 1 1
github.com/helldriver666/prism/internal/cost/buffer.go:154.31,157.2 2 1
github.com/helldriver666/prism/internal/cost/schema.go:68.35,69.40 1 1
github.com/helldriver666/prism/internal/cost/schema.go:69.40,71.3 1 0
github.com/helldriver666/prism/internal/cost/schema.go:72.2,72.12 1 1
github.com/helldriver666/prism/internal/cost/subscription.go:7.77,8.18 1 1
github.com/helldriver666/prism/internal/cost/subscription.go:8.18,10.3 1 0
github.com/helldriver666/prism/internal/cost/subscription.go:11.2,11.19 1 1
github.com/helldriver666/prism/internal/cost/subscription.go:11.19,13.3 1 0
github.com/helldriver666/prism/internal/cost/subscription.go:15.2,17.21 2 1
github.com/helldriver666/prism/internal/cost/subscription.go:17.21,21.3 2 1
github.com/helldriver666/prism/internal/cost/subscription.go:21.8,25.3 2 0
github.com/helldriver666/prism/internal/cost/subscription.go:26.2,26.19 1 1
github.com/helldriver666/prism/internal/cost/tracker.go:21.49,23.16 2 1
github.com/helldriver666/prism/internal/cost/tracker.go:23.16,25.3 1 0
github.com/helldriver666/prism/internal/cost/tracker.go:26.2,28.39 2 1
github.com/helldriver666/prism/internal/cost/tracker.go:28.39,31.3 2 0
github.com/helldriver666/prism/internal/cost/tracker.go:33.2,36.8 1 1
github.com/helldriver666/prism/internal/cost/tracker.go:39.75,40.22 1 1
github.com/helldriver666/prism/internal/cost/tracker.go:40.22,42.3 1 0
github.com/helldriver666/prism/internal/cost/tracker.go:43.2,44.12 2 1
github.com/helldriver666/prism/internal/cost/tracker.go:47.133,49.41 1 1
github.com/helldriver666/prism/internal/cost/tracker.go:49.41,51.3 1 0
github.com/helldriver666/prism/internal/cost/tracker.go:53.2,61.21 3 1
github.com/helldriver666/prism/internal/cost/tracker.go:61.21,64.3 2 1
github.com/helldriver666/prism/internal/cost/tracker.go:65.2,65.22 1 1
github.com/helldriver666/prism/internal/cost/tracker.go:65.22,68.3 2 0
github.com/helldriver666/prism/internal/cost/tracker.go:69.2,72.16 3 1
github.com/helldriver666/prism/internal/cost/tracker.go:72.16,74.3 1 0
github.com/helldriver666/prism/internal/cost/tracker.go:75.2,83.18 3 1
github.com/helldriver666/prism/internal/cost/tracker.go:83.18,92.68 2 1
github.com/helldriver666/prism/internal/cost/tracker.go:92.68,94.4 1 0
github.com/helldriver666/prism/internal/cost/tracker.go:96.3,101.46 5 1
github.com/helldriver666/prism/internal/cost/tracker.go:101.46,103.4 1 1
github.com/helldriver666/prism/internal/cost/tracker.go:104.3,113.37 9 1
github.com/helldriver666/prism/internal/cost/tracker.go:113.37,115.4 1 1
github.com/helldriver666/prism/internal/cost/tracker.go:116.3,121.60 5 1
github.com/helldriver666/prism/internal/cost/tracker.go:124.2,124.22 1 1
github.com/helldriver666/prism/internal/cost/tracker.go:127.101,129.41 1 0
github.com/helldriver666/prism/internal/cost/tracker.go:129.41,131.3 1 0
github.com/helldriver666/prism/internal/cost/tracker.go:134.2,142.16 3 0
github.com/helldriver666/prism/internal/cost/tracker.go:142.16,144.3 1 0
github.com/helldriver666/prism/internal/cost/tracker.go:146.2,154.16 4 0
github.com/helldriver666/prism/internal/cost/tracker.go:154.16,156.3 1 0
github.com/helldriver666/prism/internal/cost/tracker.go:158.2,167.21 2 0
github.com/helldriver666/prism/internal/cost/tracker.go:167.21,170.3 2 0
github.com/helldriver666/prism/internal/cost/tracker.go:171.2,171.22 1 0
github.com/helldriver666/prism/internal/cost/tracker.go:171.22,174.3 2 0
github.com/helldriver666/prism/internal/cost/tracker.go:175.2,175.23 1 0
github.com/helldriver666/prism/internal/cost/tracker.go:175.23,178.3 2 0
github.com/helldriver666/prism/internal/cost/tracker.go:179.2,179.21 1 0
github.com/helldriver666/prism/internal/cost/tracker.go:179.21,182.3 2 0
github.com/helldriver666/prism/internal/cost/tracker.go:184.2,184.16 1 0
github.com/helldriver666/prism/internal/cost/tracker.go:187.52,189.2 1 1
github.com/helldriver666/prism/internal/cost/tracker.go:192.33,195.2 2 1
github.com/helldriver666/prism/internal/cost/tracker.go:198.32,198.47 1 1
